2020-06-11T09:49:21.221	Cambrian Info 0dc30dad-cad9-44fd-bce9-1158dcf5fc16 0001 1.000000e+01 3.555556e+02 3.310111e+02 3.721385e+01
2020-06-11T10:04:34.457	Cambrian Info 0dc30dad-cad9-44fd-bce9-1158dcf5fc16 0002 2.000000e+01 3.675556e+02 3.451111e+02 9.352127e+00
2020-06-11T10:17:57.574	Cambrian Info 0dc30dad-cad9-44fd-bce9-1158dcf5fc16 0003 3.000000e+01 1.505333e+03 7.479444e+02 5.264096e+02
2020-06-11T10:31:24.632	Cambrian Info 0dc30dad-cad9-44fd-bce9-1158dcf5fc16 0004 4.000000e+01 1.669000e+03 5.269778e+02 4.208752e+02
2020-06-11T10:43:16.248	Cambrian Info 0dc30dad-cad9-44fd-bce9-1158dcf5fc16 0005 5.000000e+01 1.809000e+03 6.731111e+02 5.737630e+02
2020-06-11T10:53:28.217	Cambrian Info 0dc30dad-cad9-44fd-bce9-1158dcf5fc16 0006 6.000000e+01 1.733000e+03 5.076444e+02 4.388413e+02
2020-06-11T11:04:29.539	Cambrian Info 0dc30dad-cad9-44fd-bce9-1158dcf5fc16 0007 7.000000e+01 2.400778e+03 5.387667e+02 6.552263e+02
2020-06-11T11:17:01.263	Cambrian Info 0dc30dad-cad9-44fd-bce9-1158dcf5fc16 0008 8.000000e+01 1.654889e+03 5.558889e+02 4.577225e+02
2020-06-11T11:30:58.616	Cambrian Info 0dc30dad-cad9-44fd-bce9-1158dcf5fc16 0009 9.000000e+01 2.541556e+03 9.467778e+02 7.533800e+02
2020-06-11T11:43:13.952	Cambrian Info 0dc30dad-cad9-44fd-bce9-1158dcf5fc16 0010 1.000000e+02 2.038222e+03 5.223111e+02 5.331605e+02
2020-06-11T11:53:47.977	Cambrian Info 0dc30dad-cad9-44fd-bce9-1158dcf5fc16 0011 1.100000e+02 3.509222e+03 8.932111e+02 1.036630e+03
2020-06-11T12:03:16.181	Cambrian Info 0dc30dad-cad9-44fd-bce9-1158dcf5fc16 0012 1.200000e+02 1.364000e+03 5.421778e+02 3.228148e+02
2020-06-11T12:12:45.967	Cambrian Info 0dc30dad-cad9-44fd-bce9-1158dcf5fc16 0013 1.300000e+02 2.309778e+03 6.087444e+02 6.327335e+02
2020-06-11T12:23:01.158	Cambrian Info 0dc30dad-cad9-44fd-bce9-1158dcf5fc16 0014 1.400000e+02 2.253444e+03 8.954889e+02 7.407158e+02
2020-06-11T12:32:27.641	Cambrian Info 0dc30dad-cad9-44fd-bce9-1158dcf5fc16 0015 1.500000e+02 2.334333e+03 5.446444e+02 6.289281e+02
2020-06-11T12:45:51.532	Cambrian Info 0dc30dad-cad9-44fd-bce9-1158dcf5fc16 0016 1.600000e+02 2.706111e+03 1.009922e+03 8.024167e+02
2020-06-11T12:58:46.275	Cambrian Info 0dc30dad-cad9-44fd-bce9-1158dcf5fc16 0017 1.700000e+02 3.172556e+03 9.329222e+02 1.058413e+03
2020-06-11T13:11:25.928	Cambrian Info 0dc30dad-cad9-44fd-bce9-1158dcf5fc16 0018 1.800000e+02 2.848667e+03 7.907667e+02 9.762589e+02
2020-06-11T13:22:52.81	Cambrian Info 0dc30dad-cad9-44fd-bce9-1158dcf5fc16 0019 1.900000e+02 9.860000e+02 3.833000e+02 2.166241e+02
2020-06-11T13:34:34.606	Cambrian Info 0dc30dad-cad9-44fd-bce9-1158dcf5fc16 0020 2.000000e+02 1.685556e+03 4.784778e+02 4.242387e+02
2020-06-11T13:47:18.948	Cambrian Info 0dc30dad-cad9-44fd-bce9-1158dcf5fc16 0021 2.100000e+02 2.671000e+03 6.620556e+02 7.230773e+02
2020-06-11T14:00:33.442	Cambrian Info 0dc30dad-cad9-44fd-bce9-1158dcf5fc16 0022 2.200000e+02 2.310889e+03 8.311222e+02 7.286156e+02
2020-06-11T14:28:27.212	Cambrian Info 0dc30dad-cad9-44fd-bce9-1158dcf5fc16 0023 2.300000e+02 2.028556e+03 8.211444e+02 6.274825e+02
2020-06-11T14:39:40.549	Cambrian Info 0dc30dad-cad9-44fd-bce9-1158dcf5fc16 0024 2.400000e+02 1.801000e+03 9.732889e+02 6.117525e+02
2020-06-11T14:49:54.081	Cambrian Info 0dc30dad-cad9-44fd-bce9-1158dcf5fc16 0025 2.500000e+02 1.986556e+03 8.079778e+02 6.813167e+02
2020-06-11T15:00:00.299	Cambrian Info 0dc30dad-cad9-44fd-bce9-1158dcf5fc16 0026 2.600000e+02 1.802222e+03 7.332333e+02 5.799139e+02
2020-06-11T15:12:15.442	Cambrian Info 0dc30dad-cad9-44fd-bce9-1158dcf5fc16 0027 2.700000e+02 3.504000e+03 9.200444e+02 1.004752e+03
2020-06-11T15:23:01.249	Cambrian Info 0dc30dad-cad9-44fd-bce9-1158dcf5fc16 0028 2.800000e+02 1.238444e+03 4.866000e+02 3.123069e+02
2020-06-11T15:35:28.289	Cambrian Info 0dc30dad-cad9-44fd-bce9-1158dcf5fc16 0029 2.900000e+02 1.623000e+03 5.030000e+02 4.049299e+02
2020-06-11T15:47:39.583	Cambrian Info 0dc30dad-cad9-44fd-bce9-1158dcf5fc16 0030 3.000000e+02 1.143000e+03 4.486778e+02 2.676527e+02
