2020-06-15T16:31:50.408	Cambrian Info 1eeb9efa-6985-4f3f-adfb-1031c2fc953d 0001 1.000000e+01 1.479556e+03 5.702778e+02 3.892628e+02
2020-06-15T16:41:45.884	Cambrian Info 1eeb9efa-6985-4f3f-adfb-1031c2fc953d 0002 2.000000e+01 7.410000e+02 4.019000e+02 1.343821e+02
2020-06-15T16:52:12.874	Cambrian Info 1eeb9efa-6985-4f3f-adfb-1031c2fc953d 0003 3.000000e+01 1.489000e+03 5.214778e+02 3.781365e+02
2020-06-15T17:02:11.224	Cambrian Info 1eeb9efa-6985-4f3f-adfb-1031c2fc953d 0004 4.000000e+01 9.120000e+02 4.017667e+02 1.849339e+02
2020-06-15T17:12:57.907	Cambrian Info 1eeb9efa-6985-4f3f-adfb-1031c2fc953d 0005 5.000000e+01 1.422667e+03 4.801333e+02 3.605502e+02
2020-06-15T17:24:04.54	Cambrian Info 1eeb9efa-6985-4f3f-adfb-1031c2fc953d 0006 6.000000e+01 1.619111e+03 7.397889e+02 4.731558e+02
2020-06-15T17:34:25.876	Cambrian Info 1eeb9efa-6985-4f3f-adfb-1031c2fc953d 0007 7.000000e+01 1.411000e+03 4.656000e+02 3.462213e+02
2020-06-15T17:45:09.217	Cambrian Info 1eeb9efa-6985-4f3f-adfb-1031c2fc953d 0008 8.000000e+01 1.709556e+03 4.839778e+02 4.309206e+02
2020-06-15T17:58:30.114	Cambrian Info 1eeb9efa-6985-4f3f-adfb-1031c2fc953d 0009 9.000000e+01 1.887000e+03 6.599556e+02 5.399139e+02
2020-06-15T18:11:33.77	Cambrian Info 1eeb9efa-6985-4f3f-adfb-1031c2fc953d 0010 1.000000e+02 7.255556e+02 3.863556e+02 1.198910e+02
2020-06-15T18:22:41.91	Cambrian Info 1eeb9efa-6985-4f3f-adfb-1031c2fc953d 0011 1.100000e+02 7.270000e+02 3.913667e+02 1.191859e+02
2020-06-15T18:33:14.919	Cambrian Info 1eeb9efa-6985-4f3f-adfb-1031c2fc953d 0012 1.200000e+02 4.585556e+02 3.624556e+02 3.751577e+01
2020-06-15T18:44:02.149	Cambrian Info 1eeb9efa-6985-4f3f-adfb-1031c2fc953d 0013 1.300000e+02 6.740000e+02 4.048556e+02 1.320337e+02
2020-06-15T18:54:45.817	Cambrian Info 1eeb9efa-6985-4f3f-adfb-1031c2fc953d 0014 1.400000e+02 1.165000e+03 4.811778e+02 2.821188e+02
2020-06-15T19:06:14.385	Cambrian Info 1eeb9efa-6985-4f3f-adfb-1031c2fc953d 0015 1.500000e+02 1.140111e+03 4.635222e+02 2.678674e+02
2020-06-15T19:18:19.403	Cambrian Info 1eeb9efa-6985-4f3f-adfb-1031c2fc953d 0016 1.600000e+02 9.550000e+02 4.912333e+02 2.291241e+02
2020-06-15T19:32:02.787	Cambrian Info 1eeb9efa-6985-4f3f-adfb-1031c2fc953d 0017 1.700000e+02 1.345000e+03 6.307667e+02 4.174781e+02
2020-06-15T19:44:43.674	Cambrian Info 1eeb9efa-6985-4f3f-adfb-1031c2fc953d 0018 1.800000e+02 6.610000e+02 3.845556e+02 9.932072e+01
2020-06-15T19:58:17.016	Cambrian Info 1eeb9efa-6985-4f3f-adfb-1031c2fc953d 0019 1.900000e+02 1.382000e+03 5.309889e+02 4.016434e+02
2020-06-15T20:09:32.656	Cambrian Info 1eeb9efa-6985-4f3f-adfb-1031c2fc953d 0020 2.000000e+02 2.270667e+03 7.941000e+02 7.439660e+02
2020-06-15T20:21:33.616	Cambrian Info 1eeb9efa-6985-4f3f-adfb-1031c2fc953d 0021 2.100000e+02 2.025111e+03 8.818778e+02 5.694575e+02
2020-06-15T20:33:15.903	Cambrian Info 1eeb9efa-6985-4f3f-adfb-1031c2fc953d 0022 2.200000e+02 7.200000e+02 4.084111e+02 1.628970e+02
2020-06-15T20:43:48.547	Cambrian Info 1eeb9efa-6985-4f3f-adfb-1031c2fc953d 0023 2.300000e+02 1.401000e+03 5.485778e+02 3.625916e+02
2020-06-15T20:53:51.65	Cambrian Info 1eeb9efa-6985-4f3f-adfb-1031c2fc953d 0024 2.400000e+02 1.198000e+03 6.756222e+02 3.782120e+02
2020-06-15T21:06:17.05	Cambrian Info 1eeb9efa-6985-4f3f-adfb-1031c2fc953d 0025 2.500000e+02 1.367000e+03 6.560778e+02 4.059044e+02
2020-06-15T21:15:52.89	Cambrian Info 1eeb9efa-6985-4f3f-adfb-1031c2fc953d 0026 2.600000e+02 1.324000e+03 4.457444e+02 3.122063e+02
2020-06-15T21:25:46.996	Cambrian Info 1eeb9efa-6985-4f3f-adfb-1031c2fc953d 0027 2.700000e+02 9.322222e+02 4.662222e+02 2.139072e+02
2020-06-15T21:36:20.102	Cambrian Info 1eeb9efa-6985-4f3f-adfb-1031c2fc953d 0028 2.800000e+02 2.400000e+03 7.012333e+02 6.608887e+02
2020-06-15T21:46:53.514	Cambrian Info 1eeb9efa-6985-4f3f-adfb-1031c2fc953d 0029 2.900000e+02 1.159333e+03 5.642889e+02 3.142815e+02
2020-06-15T21:57:22.953	Cambrian Info 1eeb9efa-6985-4f3f-adfb-1031c2fc953d 0030 3.000000e+02 1.226000e+03 6.310000e+02 3.311560e+02
